<?xml version="1.0" encoding="UTF-8"?>
<testng-results ignored="0" total="1" passed="1" failed="0" skipped="0">
  <reporter-output>
  </reporter-output>
  <suite started-at="2025-02-14T15:13:24 MSK" name="com.stv.factory.factorytests.MainFactoryTest" finished-at="2025-02-14T15:13:26 MSK" duration-ms="2404">
    <groups>
    </groups>
    <test started-at="2025-02-14T15:13:24 MSK" name="Command line test" finished-at="2025-02-14T15:13:26 MSK" duration-ms="2404">
      <class name="com.stv.factory.factorytests.MainFactoryTest">
        <test-method is-config="true" signature="setUp()[pri:0, instance:com.stv.factory.factorytests.MainFactoryTest@4758820d]" started-at="2025-02-14T15:13:24 MSK" name="setUp" description="Start browser" finished-at="2025-02-14T15:13:26 MSK" duration-ms="1917" status="PASS">
          <reporter-output>
          </reporter-output>
        </test-method> <!-- setUp -->
        <test-method signature="assertMainLogoIsDisplayed()[pri:0, instance:com.stv.factory.factorytests.MainFactoryTest@4758820d]" started-at="2025-02-14T15:13:26 MSK" name="assertMainLogoIsDisplayed" description="Assert the main page is loaded and main logo is visible" finished-at="2025-02-14T15:13:26 MSK" duration-ms="298" status="PASS">
          <reporter-output>
          </reporter-output>
        </test-method> <!-- assertMainLogoIsDisplayed -->
        <test-method is-config="true" signature="afterClass()[pri:0, instance:com.stv.factory.factorytests.MainFactoryTest@4758820d]" started-at="2025-02-14T15:13:26 MSK" name="afterClass" finished-at="2025-02-14T15:13:26 MSK" duration-ms="157" status="PASS">
          <reporter-output>
          </reporter-output>
        </test-method> <!-- afterClass -->
      </class> <!-- com.stv.factory.factorytests.MainFactoryTest -->
    </test> <!-- Command line test -->
  </suite> <!-- com.stv.factory.factorytests.MainFactoryTest -->
</testng-results>
